[21:38:42] [Server thread/INFO]: Starting minecraft server version 1.9.4
[21:38:42] [Server thread/INFO]: Loading properties
[21:38:42] [Server thread/WARN]: ressource-pack-hash is depricated. Please use ressource-pack-sha1 instead.
[21:38:42] [Server thread/INFO]: Default game type: SURVIVAL
[21:38:42] [Server thread/INFO]: Generating keypair
[21:38:42] [Server thread/INFO]: Starting Minecraft server on *:25566
[21:38:42] [Server thread/INFO]: Using default channel type
[21:38:43] [Server thread/INFO]: Preparing level "Survival_world"
[21:38:44] [Server thread/INFO]: Preparing start region for level 0
[21:38:46] [Server thread/INFO]: Preparing spawn area: 0%
[21:38:47] [Server thread/INFO]: Preparing spawn area: 28%
[21:38:48] [Server thread/INFO]: Preparing spawn area: 59%
[21:38:49] [Server thread/INFO]: Preparing spawn area: 97%
[21:38:49] [Server thread/INFO]: Done (5.465s)! For help, type "help" or "?"
[21:38:50] [Server thread/INFO]: [@: Set the display objective in slot 'sidebar' to 'Deathcount']
[21:38:54] [Server thread/INFO]: [@: Set the display objective in slot 'sidebar' to 'Walked_Distance']
[21:38:57] [Server thread/INFO]: [@: Set the display objective in slot 'sidebar' to 'Deathcount']
[21:39:00] [Server thread/INFO]: [@: Set the display objective in slot 'sidebar' to 'Walked_Distance']
[21:39:03] [Server thread/INFO]: [@: Set the display objective in slot 'sidebar' to 'Deathcount']
[21:39:06] [Server thread/INFO]: [@: Set the display objective in slot 'sidebar' to 'Walked_Distance']
[21:39:09] [Server thread/INFO]: [@: Set the display objective in slot 'sidebar' to 'Deathcount']
[21:39:13] [Server thread/INFO]: [@: Set the display objective in slot 'sidebar' to 'Walked_Distance']
[21:39:16] [Server thread/INFO]: [@: Set the display objective in slot 'sidebar' to 'Deathcount']
[21:39:19] [Server thread/INFO]: [@: Set the display objective in slot 'sidebar' to 'Walked_Distance']
[21:39:22] [Server thread/INFO]: [@: Set the display objective in slot 'sidebar' to 'Deathcount']
[21:39:25] [Server thread/INFO]: [@: Set the display objective in slot 'sidebar' to 'Walked_Distance']
[21:39:29] [Server thread/INFO]: [@: Set the display objective in slot 'sidebar' to 'Deathcount']
[21:39:32] [Server thread/INFO]: [@: Set the display objective in slot 'sidebar' to 'Walked_Distance']
[21:39:35] [Server thread/INFO]: [@: Set the display objective in slot 'sidebar' to 'Deathcount']
[21:39:38] [Server thread/INFO]: [@: Set the display objective in slot 'sidebar' to 'Walked_Distance']
[21:39:41] [Server thread/INFO]: [@: Set the display objective in slot 'sidebar' to 'Deathcount']
[21:39:45] [Server thread/INFO]: [@: Set the display objective in slot 'sidebar' to 'Walked_Distance']
[21:39:48] [Server thread/INFO]: [@: Set the display objective in slot 'sidebar' to 'Deathcount']
[21:39:51] [Server thread/INFO]: [@: Set the display objective in slot 'sidebar' to 'Walked_Distance']
[21:39:54] [Server thread/INFO]: [@: Set the display objective in slot 'sidebar' to 'Deathcount']
[21:39:58] [Server thread/INFO]: [@: Set the display objective in slot 'sidebar' to 'Walked_Distance']
[21:40:01] [Server thread/INFO]: [@: Set the display objective in slot 'sidebar' to 'Deathcount']
[21:40:04] [Server thread/INFO]: [@: Set the display objective in slot 'sidebar' to 'Walked_Distance']
[21:40:07] [Server thread/INFO]: [@: Set the display objective in slot 'sidebar' to 'Deathcount']
[21:40:10] [Server thread/INFO]: [@: Set the display objective in slot 'sidebar' to 'Walked_Distance']
[21:40:13] [Server thread/INFO]: [@: Set the display objective in slot 'sidebar' to 'Deathcount']
[21:40:17] [Server thread/INFO]: [@: Set the display objective in slot 'sidebar' to 'Walked_Distance']
[21:40:20] [Server thread/INFO]: [@: Set the display objective in slot 'sidebar' to 'Deathcount']
[21:40:23] [Server thread/INFO]: [@: Set the display objective in slot 'sidebar' to 'Walked_Distance']
[21:40:26] [Server thread/INFO]: [@: Set the display objective in slot 'sidebar' to 'Deathcount']
[21:40:29] [Server thread/INFO]: [@: Set the display objective in slot 'sidebar' to 'Walked_Distance']
[21:40:29] [Server thread/INFO]: com.mojang.authlib.GameProfile@19b12cc6[id=<null>,name=profesorabbott,properties={},legacy=false] (/127.0.0.1:63216) lost connection: Disconnected
[21:40:33] [Server thread/INFO]: [@: Set the display objective in slot 'sidebar' to 'Deathcount']
[21:40:36] [Server thread/INFO]: [@: Set the display objective in slot 'sidebar' to 'Walked_Distance']
[21:40:36] [User Authenticator #1/INFO]: UUID of player profesorabbott is 9fc9f22d-a766-48ad-84a8-6a2f52ab1e4f
[21:40:39] [Server thread/INFO]: [@: Set the display objective in slot 'sidebar' to 'Deathcount']
[21:40:42] [Server thread/INFO]: [@: Set the display objective in slot 'sidebar' to 'Walked_Distance']
[21:40:45] [Server thread/INFO]: [@: Set the display objective in slot 'sidebar' to 'Deathcount']
[21:40:49] [Server thread/INFO]: [@: Set the display objective in slot 'sidebar' to 'Walked_Distance']
[21:40:52] [Server thread/INFO]: [@: Set the display objective in slot 'sidebar' to 'Deathcount']
[21:40:55] [Server thread/INFO]: [@: Set the display objective in slot 'sidebar' to 'Walked_Distance']
[21:40:58] [Server thread/INFO]: [@: Set the display objective in slot 'sidebar' to 'Deathcount']
[21:41:01] [Server thread/INFO]: [@: Set the display objective in slot 'sidebar' to 'Walked_Distance']
[21:41:05] [Server thread/INFO]: [@: Set the display objective in slot 'sidebar' to 'Deathcount']
[21:41:08] [Server thread/INFO]: [@: Set the display objective in slot 'sidebar' to 'Walked_Distance']
[21:41:11] [Server thread/INFO]: [@: Set the display objective in slot 'sidebar' to 'Deathcount']
[21:41:14] [Server thread/INFO]: [@: Set the display objective in slot 'sidebar' to 'Walked_Distance']
[21:41:18] [Server thread/INFO]: [@: Set the display objective in slot 'sidebar' to 'Deathcount']
[21:41:21] [Server thread/INFO]: [@: Set the display objective in slot 'sidebar' to 'Walked_Distance']
[21:41:24] [Server thread/INFO]: [@: Set the display objective in slot 'sidebar' to 'Deathcount']
[21:41:27] [Server thread/INFO]: [@: Set the display objective in slot 'sidebar' to 'Walked_Distance']
[21:41:30] [Server thread/INFO]: [@: Set the display objective in slot 'sidebar' to 'Deathcount']
[21:41:33] [Server thread/INFO]: [@: Set the display objective in slot 'sidebar' to 'Walked_Distance']
[21:41:37] [Server thread/INFO]: [@: Set the display objective in slot 'sidebar' to 'Deathcount']
[21:41:40] [Server thread/INFO]: [@: Set the display objective in slot 'sidebar' to 'Walked_Distance']
[21:41:43] [Server thread/INFO]: [@: Set the display objective in slot 'sidebar' to 'Deathcount']
[21:41:45] [User Authenticator #2/INFO]: UUID of player profesorabbott is 9fc9f22d-a766-48ad-84a8-6a2f52ab1e4f
[21:41:45] [Server thread/INFO]: profesorabbott[/127.0.0.1:63264] logged in with entity id 196 at (-671.8093155949505, 76.0, 1764.9317584981945)
[21:41:45] [Server thread/INFO]: §9profesorabbott§r joined the game
[21:41:54] [Server thread/WARN]: Can't keep up! Did the system time change, or is the server overloaded? Running 8769ms behind, skipping 175 tick(s)
[21:41:57] [Server thread/INFO]: [@: Set the display objective in slot 'sidebar' to 'Walked_Distance']
[21:42:03] [Server thread/INFO]: [@: Set the display objective in slot 'sidebar' to 'Deathcount']
[21:42:07] [Server thread/INFO]: [@: Set the display objective in slot 'sidebar' to 'Walked_Distance']
[21:42:09] [Server thread/INFO]: [@: Set the display objective in slot 'sidebar' to 'Deathcount']
[21:42:12] [Server thread/INFO]: [@: Set the display objective in slot 'sidebar' to 'Walked_Distance']
[21:42:12] [Server thread/WARN]: Can't keep up! Did the system time change, or is the server overloaded? Running 5779ms behind, skipping 115 tick(s)
[21:42:15] [Server thread/INFO]: [@: Set the display objective in slot 'sidebar' to 'Deathcount']
[21:42:17] [Server thread/INFO]: [@: Set the display objective in slot 'sidebar' to 'Walked_Distance']
[21:42:20] [Server thread/INFO]: [@: Set the display objective in slot 'sidebar' to 'Deathcount']
[21:42:22] [User Authenticator #3/INFO]: UUID of player CrumblinSquirrlz is 39512899-2f6a-43f4-95f4-8818ba6d86d5
[21:42:22] [Server thread/INFO]: CrumblinSquirrlz[/172.125.114.147:51918] logged in with entity id 7525 at (-669.3344086557141, 76.24918707874468, 1771.107106632972)
[21:42:22] [Server thread/INFO]: §aCrumblinSquirrlz§r (formerly known as JBrocksdahouse) joined the game
[21:42:25] [Server thread/INFO]: [@: Set the display objective in slot 'sidebar' to 'Walked_Distance']
[21:42:27] [Server thread/INFO]: [@: Set the display objective in slot 'sidebar' to 'Deathcount']
[21:42:29] [Server thread/INFO]: [@: Set the display objective in slot 'sidebar' to 'Walked_Distance']
[21:42:32] [Server thread/INFO]: [@: Set the display objective in slot 'sidebar' to 'Deathcount']
[21:42:35] [Server thread/INFO]: [@: Set the display objective in slot 'sidebar' to 'Walked_Distance']
[21:42:39] [Server thread/INFO]: [@: Set the display objective in slot 'sidebar' to 'Deathcount']
[21:42:42] [Server thread/INFO]: [@: Set the display objective in slot 'sidebar' to 'Walked_Distance']
[21:42:45] [Server thread/INFO]: [@: Set the display objective in slot 'sidebar' to 'Deathcount']
[21:42:48] [Server thread/INFO]: [@: Set the display objective in slot 'sidebar' to 'Walked_Distance']
[21:42:51] [Server thread/INFO]: [@: Set the display objective in slot 'sidebar' to 'Deathcount']
[21:42:54] [Server thread/INFO]: [@: Set the display objective in slot 'sidebar' to 'Walked_Distance']
[21:42:58] [Server thread/INFO]: [@: Set the display objective in slot 'sidebar' to 'Deathcount']
[21:43:01] [Server thread/INFO]: [@: Set the display objective in slot 'sidebar' to 'Walked_Distance']
[21:43:04] [Server thread/INFO]: [@: Set the display objective in slot 'sidebar' to 'Deathcount']
[21:43:07] [Server thread/INFO]: [@: Set the display objective in slot 'sidebar' to 'Walked_Distance']
[21:43:10] [Server thread/INFO]: [@: Set the display objective in slot 'sidebar' to 'Deathcount']
[21:43:14] [Server thread/INFO]: [@: Set the display objective in slot 'sidebar' to 'Walked_Distance']
[21:43:17] [Server thread/INFO]: [@: Set the display objective in slot 'sidebar' to 'Deathcount']
[21:43:20] [Server thread/INFO]: [@: Set the display objective in slot 'sidebar' to 'Walked_Distance']
[21:43:23] [Server thread/INFO]: [@: Set the display objective in slot 'sidebar' to 'Deathcount']
[21:43:26] [Server thread/INFO]: [@: Set the display objective in slot 'sidebar' to 'Walked_Distance']
[21:43:30] [Server thread/INFO]: [@: Set the display objective in slot 'sidebar' to 'Deathcount']
[21:43:34] [Server thread/INFO]: [@: Set the display objective in slot 'sidebar' to 'Walked_Distance']
[21:43:37] [Server thread/INFO]: [@: Set the display objective in slot 'sidebar' to 'Deathcount']
[21:43:39] [Server thread/INFO]: [@: Set the display objective in slot 'sidebar' to 'Walked_Distance']
[21:43:43] [Server thread/INFO]: [@: Set the display objective in slot 'sidebar' to 'Deathcount']
[21:43:46] [Server thread/INFO]: [@: Set the display objective in slot 'sidebar' to 'Walked_Distance']
[21:43:49] [Server thread/INFO]: [@: Set the display objective in slot 'sidebar' to 'Deathcount']
[21:43:53] [Server thread/INFO]: [@: Set the display objective in slot 'sidebar' to 'Walked_Distance']
[21:43:56] [Server thread/INFO]: [@: Set the display objective in slot 'sidebar' to 'Deathcount']
[21:43:59] [Server thread/INFO]: [@: Set the display objective in slot 'sidebar' to 'Walked_Distance']
[21:44:02] [Server thread/INFO]: [@: Set the display objective in slot 'sidebar' to 'Deathcount']
[21:44:05] [Server thread/INFO]: [@: Set the display objective in slot 'sidebar' to 'Walked_Distance']
[21:44:08] [Server thread/INFO]: [@: Set the display objective in slot 'sidebar' to 'Deathcount']
[21:44:11] [Server thread/INFO]: [@: Set the display objective in slot 'sidebar' to 'Walked_Distance']
[21:44:15] [Server thread/INFO]: [@: Set the display objective in slot 'sidebar' to 'Deathcount']
[21:44:18] [Server thread/INFO]: [@: Set the display objective in slot 'sidebar' to 'Walked_Distance']
[21:44:21] [Server thread/INFO]: [@: Set the display objective in slot 'sidebar' to 'Deathcount']
[21:44:24] [Server thread/INFO]: [@: Set the display objective in slot 'sidebar' to 'Walked_Distance']
[21:44:27] [Server thread/INFO]: [@: Set the display objective in slot 'sidebar' to 'Deathcount']
[21:44:31] [Server thread/INFO]: [@: Set the display objective in slot 'sidebar' to 'Walked_Distance']
[21:44:34] [Server thread/INFO]: [@: Set the display objective in slot 'sidebar' to 'Deathcount']
[21:44:37] [Server thread/INFO]: [@: Set the display objective in slot 'sidebar' to 'Walked_Distance']
[21:44:40] [Server thread/INFO]: [@: Set the display objective in slot 'sidebar' to 'Deathcount']
[21:44:43] [Server thread/INFO]: [@: Set the display objective in slot 'sidebar' to 'Walked_Distance']
[21:44:46] [Server thread/INFO]: [@: Set the display objective in slot 'sidebar' to 'Deathcount']
[21:44:50] [Server thread/INFO]: [@: Set the display objective in slot 'sidebar' to 'Walked_Distance']
[21:44:53] [Server thread/INFO]: [@: Set the display objective in slot 'sidebar' to 'Deathcount']
[21:44:56] [Server thread/INFO]: [@: Set the display objective in slot 'sidebar' to 'Walked_Distance']
[21:44:59] [Server thread/INFO]: [@: Set the display objective in slot 'sidebar' to 'Deathcount']
[21:45:03] [Server thread/INFO]: [@: Set the display objective in slot 'sidebar' to 'Walked_Distance']
[21:45:06] [Server thread/INFO]: [@: Set the display objective in slot 'sidebar' to 'Deathcount']
[21:45:09] [Server thread/INFO]: [@: Set the display objective in slot 'sidebar' to 'Walked_Distance']
[21:45:12] [Server thread/INFO]: [@: Set the display objective in slot 'sidebar' to 'Deathcount']
[21:45:15] [Server thread/INFO]: [@: Set the display objective in slot 'sidebar' to 'Walked_Distance']
[21:45:19] [Server thread/INFO]: [@: Set the display objective in slot 'sidebar' to 'Deathcount']
[21:45:22] [Server thread/INFO]: [@: Set the display objective in slot 'sidebar' to 'Walked_Distance']
[21:45:25] [Server thread/INFO]: [@: Set the display objective in slot 'sidebar' to 'Deathcount']
[21:45:28] [Server thread/INFO]: [@: Set the display objective in slot 'sidebar' to 'Walked_Distance']
[21:45:31] [Server thread/INFO]: [@: Set the display objective in slot 'sidebar' to 'Deathcount']
[21:45:35] [Server thread/INFO]: [@: Set the display objective in slot 'sidebar' to 'Walked_Distance']
[21:45:35] [Server thread/INFO]: [@: Teleported profesorabbott to -215.5, 60.0, 372.5]
[21:45:39] [Server thread/INFO]: [@: Set the display objective in slot 'sidebar' to 'Deathcount']
[21:45:43] [Server thread/WARN]: Can't keep up! Did the system time change, or is the server overloaded? Running 2068ms behind, skipping 41 tick(s)
[21:45:43] [Server thread/INFO]: [@: Set the display objective in slot 'sidebar' to 'Walked_Distance']
[21:45:46] [Server thread/INFO]: [@: Set the display objective in slot 'sidebar' to 'Deathcount']
[21:45:49] [Server thread/INFO]: [@: Set the display objective in slot 'sidebar' to 'Walked_Distance']
[21:45:51] [Server thread/INFO]: [@: Set the display objective in slot 'sidebar' to 'Deathcount']
[21:45:54] [Server thread/INFO]: [@: Set the display objective in slot 'sidebar' to 'Walked_Distance']
[21:45:57] [Server thread/INFO]: [@: Set the display objective in slot 'sidebar' to 'Deathcount']
[21:46:00] [Server thread/INFO]: [@: Set the display objective in slot 'sidebar' to 'Walked_Distance']
[21:46:03] [Server thread/INFO]: [@: Set the display objective in slot 'sidebar' to 'Deathcount']
[21:46:07] [Server thread/INFO]: [@: Set the display objective in slot 'sidebar' to 'Walked_Distance']
[21:46:10] [Server thread/INFO]: [@: Set the display objective in slot 'sidebar' to 'Deathcount']
[21:46:13] [Server thread/INFO]: [@: Set the display objective in slot 'sidebar' to 'Walked_Distance']
[21:46:16] [Server thread/INFO]: [@: Set the display objective in slot 'sidebar' to 'Deathcount']
[21:46:19] [Server thread/INFO]: [@: Set the display objective in slot 'sidebar' to 'Walked_Distance']
[21:46:23] [Server thread/INFO]: [@: Set the display objective in slot 'sidebar' to 'Deathcount']
[21:46:26] [Server thread/INFO]: [@: Set the display objective in slot 'sidebar' to 'Walked_Distance']
[21:46:29] [Server thread/INFO]: [@: Set the display objective in slot 'sidebar' to 'Deathcount']
[21:46:33] [Server thread/INFO]: [@: Set the display objective in slot 'sidebar' to 'Walked_Distance']
[21:46:35] [Server thread/INFO]: [@: Set the display objective in slot 'sidebar' to 'Deathcount']
[21:46:37] [Server thread/INFO]: [@: Teleported profesorabbott to -614.5, 78.0, 1817.5]
[21:46:40] [Server thread/INFO]: [@: Set the display objective in slot 'sidebar' to 'Walked_Distance']
[21:46:44] [Server thread/INFO]: [@: Set the display objective in slot 'sidebar' to 'Deathcount']
[21:46:47] [Server thread/WARN]: Can't keep up! Did the system time change, or is the server overloaded? Running 4313ms behind, skipping 86 tick(s)
[21:46:50] [Server thread/INFO]: [@: Set the display objective in slot 'sidebar' to 'Walked_Distance']
[21:46:53] [Server thread/INFO]: [@: Set the display objective in slot 'sidebar' to 'Deathcount']
[21:46:55] [Server thread/INFO]: [@: Set the display objective in slot 'sidebar' to 'Walked_Distance']
[21:46:58] [Server thread/INFO]: [@: Set the display objective in slot 'sidebar' to 'Deathcount']
[21:47:01] [Server thread/INFO]: [@: Set the display objective in slot 'sidebar' to 'Walked_Distance']
[21:47:05] [Server thread/INFO]: [@: Set the display objective in slot 'sidebar' to 'Deathcount']
[21:47:07] [Server thread/INFO]: [@: Set the display objective in slot 'sidebar' to 'Walked_Distance']
[21:47:10] [Server thread/INFO]: [@: Set the display objective in slot 'sidebar' to 'Deathcount']
[21:47:13] [Server thread/INFO]: [@: Set the display objective in slot 'sidebar' to 'Walked_Distance']
[21:47:16] [Server thread/INFO]: [@: Set the display objective in slot 'sidebar' to 'Deathcount']
[21:47:22] [Server thread/INFO]: [@: Set the display objective in slot 'sidebar' to 'Walked_Distance']
[21:47:22] [Server thread/WARN]: Can't keep up! Did the system time change, or is the server overloaded? Running 2652ms behind, skipping 53 tick(s)
[21:47:24] [Server thread/INFO]: [@: Set the display objective in slot 'sidebar' to 'Deathcount']
[21:47:27] [Server thread/INFO]: [@: Set the display objective in slot 'sidebar' to 'Walked_Distance']
[21:47:30] [Server thread/INFO]: [@: Set the display objective in slot 'sidebar' to 'Deathcount']
[21:47:33] [Server thread/INFO]: [@: Set the display objective in slot 'sidebar' to 'Walked_Distance']
[21:47:36] [Server thread/INFO]: [@: Set the display objective in slot 'sidebar' to 'Deathcount']
[21:47:39] [Server thread/INFO]: [@: Set the display objective in slot 'sidebar' to 'Walked_Distance']
[21:47:42] [Server thread/INFO]: [@: Set the display objective in slot 'sidebar' to 'Deathcount']
[21:47:45] [Server thread/INFO]: [@: Set the display objective in slot 'sidebar' to 'Walked_Distance']
[21:47:49] [Server thread/INFO]: [@: Set the display objective in slot 'sidebar' to 'Deathcount']
[21:47:52] [Server thread/INFO]: [@: Set the display objective in slot 'sidebar' to 'Walked_Distance']
[21:47:55] [Server thread/INFO]: [@: Set the display objective in slot 'sidebar' to 'Deathcount']
[21:47:58] [Server thread/INFO]: [@: Set the display objective in slot 'sidebar' to 'Walked_Distance']
[21:48:02] [Server thread/INFO]: [@: Set the display objective in slot 'sidebar' to 'Deathcount']
[21:48:05] [Server thread/INFO]: [@: Set the display objective in slot 'sidebar' to 'Walked_Distance']
[21:48:08] [Server thread/INFO]: [@: Set the display objective in slot 'sidebar' to 'Deathcount']
[21:48:11] [Server thread/INFO]: [@: Set the display objective in slot 'sidebar' to 'Walked_Distance']
[21:48:15] [Server thread/INFO]: [@: Set the display objective in slot 'sidebar' to 'Deathcount']
[21:48:18] [Server thread/INFO]: [@: Set the display objective in slot 'sidebar' to 'Walked_Distance']
[21:48:21] [Server thread/INFO]: [CrumblinSquirrlz: Set own game mode to Creative Mode]
[21:48:21] [Server thread/INFO]: [@: Set the display objective in slot 'sidebar' to 'Deathcount']
[21:48:24] [Server thread/INFO]: [@: Set the display objective in slot 'sidebar' to 'Walked_Distance']
[21:48:27] [Server thread/INFO]: [@: Set the display objective in slot 'sidebar' to 'Deathcount']
[21:48:30] [Server thread/INFO]: [@: Set the display objective in slot 'sidebar' to 'Walked_Distance']
[21:48:34] [Server thread/INFO]: [@: Set the display objective in slot 'sidebar' to 'Deathcount']
[21:48:37] [Server thread/INFO]: [@: Set the display objective in slot 'sidebar' to 'Walked_Distance']
[21:48:40] [Server thread/INFO]: [@: Set the display objective in slot 'sidebar' to 'Deathcount']
[21:48:43] [Server thread/INFO]: [@: Set the display objective in slot 'sidebar' to 'Walked_Distance']
[21:48:47] [Server thread/INFO]: [@: Set the display objective in slot 'sidebar' to 'Deathcount']
[21:48:50] [Server thread/INFO]: [@: Set the display objective in slot 'sidebar' to 'Walked_Distance']
[21:48:53] [Server thread/INFO]: [@: Set the display objective in slot 'sidebar' to 'Deathcount']
[21:48:56] [Server thread/INFO]: [@: Set the display objective in slot 'sidebar' to 'Walked_Distance']
[21:48:59] [Server thread/INFO]: [@: Set the display objective in slot 'sidebar' to 'Deathcount']
[21:49:02] [Server thread/INFO]: [@: Set the display objective in slot 'sidebar' to 'Walked_Distance']
[21:49:05] [Server thread/INFO]: [@: Set the display objective in slot 'sidebar' to 'Deathcount']
[21:49:09] [Server thread/INFO]: [@: Set the display objective in slot 'sidebar' to 'Walked_Distance']
[21:49:12] [Server thread/INFO]: [@: Set the display objective in slot 'sidebar' to 'Deathcount']
[21:49:15] [Server thread/INFO]: [@: Set the display objective in slot 'sidebar' to 'Walked_Distance']
[21:49:18] [Server thread/INFO]: [@: Set the display objective in slot 'sidebar' to 'Deathcount']
[21:49:21] [Server thread/INFO]: [@: Set the display objective in slot 'sidebar' to 'Walked_Distance']
[21:49:25] [Server thread/INFO]: [@: Set the display objective in slot 'sidebar' to 'Deathcount']
[21:49:28] [Server thread/INFO]: [@: Set the display objective in slot 'sidebar' to 'Walked_Distance']
[21:49:31] [Server thread/INFO]: [@: Set the display objective in slot 'sidebar' to 'Deathcount']
[21:49:34] [Server thread/INFO]: [@: Set the display objective in slot 'sidebar' to 'Walked_Distance']
[21:49:38] [Server thread/INFO]: [@: Set the display objective in slot 'sidebar' to 'Deathcount']
[21:49:41] [Server thread/INFO]: [@: Set the display objective in slot 'sidebar' to 'Walked_Distance']
[21:49:44] [Server thread/INFO]: [@: Set the display objective in slot 'sidebar' to 'Deathcount']
[21:49:47] [Server thread/INFO]: [@: Set the display objective in slot 'sidebar' to 'Walked_Distance']
[21:49:51] [Server thread/INFO]: [@: Set the display objective in slot 'sidebar' to 'Deathcount']
[21:49:54] [Server thread/INFO]: [@: Set the display objective in slot 'sidebar' to 'Walked_Distance']
[21:49:57] [Server thread/INFO]: [@: Set the display objective in slot 'sidebar' to 'Deathcount']
[21:50:00] [Server thread/INFO]: [@: Set the display objective in slot 'sidebar' to 'Walked_Distance']
[21:50:03] [Server thread/INFO]: [@: Set the display objective in slot 'sidebar' to 'Deathcount']
[21:50:06] [Server thread/INFO]: [@: Set the display objective in slot 'sidebar' to 'Walked_Distance']
[21:50:10] [Server thread/INFO]: [@: Set the display objective in slot 'sidebar' to 'Deathcount']
[21:50:12] [Server thread/INFO]: Stopping the server
[21:50:12] [Server thread/INFO]: Stopping server
[21:50:12] [Server thread/INFO]: Saving players
[21:50:12] [Server thread/INFO]: CrumblinSquirrlz lost connection: TranslatableComponent{key='disconnect.genericReason', args=[Internal Exception: java.lang.StackOverflowError], siblings=[], style=Style{hasParent=false, color=null, bold=null, italic=null, underlined=null, obfuscated=null, clickEvent=null, hoverEvent=null, insertion=null}}
[21:50:12] [Server thread/INFO]: §aCrumblinSquirrlz§r left the game
[21:50:12] [Server thread/INFO]: Saving worlds
[21:50:12] [Server thread/INFO]: Saving chunks for level 'Survival_world'/Overworld
[21:50:12] [Server thread/INFO]: Saving chunks for level 'Survival_world'/Nether
[21:50:12] [Server thread/INFO]: Saving chunks for level 'Survival_world'/The End
[21:50:14] [Server Shutdown Thread/INFO]: Stopping server
[21:50:14] [Server Shutdown Thread/INFO]: Saving players
